2024-12-16 00:01:49,272 - __main__ - INFO - Starting application
2024-12-16 00:01:49,272 - __main__ - INFO - Starting application
2024-12-16 00:01:49,272 - __main__ - INFO - Application started successfully
2024-12-16 00:01:49,272 - __main__ - INFO - Application started successfully
2024-12-16 00:01:49,292 - werkzeug - WARNING -  * Debugger is active!
2024-12-16 00:01:49,292 - werkzeug - WARNING -  * Debugger is active!
2024-12-16 00:01:49,296 - werkzeug - INFO -  * Debugger PIN: 683-514-348
2024-12-16 00:05:41,238 - werkzeug - INFO -  * Detected change in 'D:\\g\\Leagueanalyzer\\backend\\main.py', reloading
2024-12-16 00:05:44,425 - __main__ - INFO - Starting application
2024-12-16 00:05:44,425 - __main__ - INFO - Application started successfully
2024-12-16 00:05:44,444 - werkzeug - WARNING -  * Debugger is active!
2024-12-16 00:05:44,448 - werkzeug - INFO -  * Debugger PIN: 683-514-348
2024-12-16 00:14:44,362 - __main__ - INFO - Serving frontend
2024-12-16 00:14:44,362 - __main__ - INFO - Looking for index.html at: D:\g\Leagueanalyzer\backend\frontend/build\index.html
2024-12-16 00:14:44,363 - __main__ - INFO - Static folder exists: False
2024-12-16 00:14:44,363 - __main__ - INFO - Index.html exists: False
2024-12-16 00:14:44,363 - __main__ - ERROR - Frontend build not found at D:\g\Leagueanalyzer\backend\frontend/build\index.html
2024-12-16 00:14:44,364 - werkzeug - INFO - 127.0.0.1 - - [16/Dec/2024 00:14:44] "[33mGET / HTTP/1.1[0m" 404 -
2024-12-16 00:14:45,277 - __main__ - INFO - Serving frontend
2024-12-16 00:14:45,277 - __main__ - INFO - Looking for index.html at: D:\g\Leagueanalyzer\backend\frontend/build\index.html
2024-12-16 00:14:45,278 - __main__ - INFO - Static folder exists: False
2024-12-16 00:14:45,278 - __main__ - INFO - Index.html exists: False
2024-12-16 00:14:45,278 - __main__ - ERROR - Frontend build not found at D:\g\Leagueanalyzer\backend\frontend/build\index.html
2024-12-16 00:14:45,278 - werkzeug - INFO - 127.0.0.1 - - [16/Dec/2024 00:14:45] "[33mGET / HTTP/1.1[0m" 404 -
2024-12-16 00:16:33,120 - werkzeug - INFO -  * Detected change in 'D:\\g\\Leagueanalyzer\\backend\\main.py', reloading
2024-12-16 00:16:36,170 - __main__ - INFO - Starting application
2024-12-16 00:16:36,170 - __main__ - INFO - Application started successfully
2024-12-16 00:16:36,185 - werkzeug - WARNING -  * Debugger is active!
2024-12-16 00:16:36,188 - werkzeug - INFO -  * Debugger PIN: 683-514-348
2024-12-16 00:17:19,381 - werkzeug - INFO -  * Detected change in 'D:\\g\\Leagueanalyzer\\backend\\main.py', reloading
2024-12-16 00:17:22,236 - __main__ - INFO - Starting application
2024-12-16 00:17:22,236 - __main__ - INFO - Application started successfully
2024-12-16 00:17:22,255 - werkzeug - WARNING -  * Debugger is active!
2024-12-16 00:17:22,258 - werkzeug - INFO -  * Debugger PIN: 683-514-348
2024-12-16 00:20:14,651 - __main__ - INFO - Serving frontend
2024-12-16 00:20:14,652 - __main__ - INFO - Looking for index.html at: D:\g\Leagueanalyzer\backend\build\index.html
2024-12-16 00:20:14,652 - __main__ - INFO - Static folder exists: True
2024-12-16 00:20:14,652 - __main__ - INFO - Index.html exists: False
2024-12-16 00:20:14,652 - __main__ - ERROR - Frontend build not found at D:\g\Leagueanalyzer\backend\build\index.html
2024-12-16 00:20:14,653 - werkzeug - INFO - 127.0.0.1 - - [16/Dec/2024 00:20:14] "[33mGET / HTTP/1.1[0m" 404 -
2024-12-16 00:20:16,528 - __main__ - INFO - Serving frontend
2024-12-16 00:20:16,528 - __main__ - INFO - Looking for index.html at: D:\g\Leagueanalyzer\backend\build\index.html
2024-12-16 00:20:16,529 - __main__ - INFO - Static folder exists: True
2024-12-16 00:20:16,529 - __main__ - INFO - Index.html exists: False
2024-12-16 00:20:16,529 - __main__ - ERROR - Frontend build not found at D:\g\Leagueanalyzer\backend\build\index.html
2024-12-16 00:20:16,529 - werkzeug - INFO - 127.0.0.1 - - [16/Dec/2024 00:20:16] "[33mGET / HTTP/1.1[0m" 404 -
2024-12-16 00:20:39,761 - __main__ - INFO - Serving frontend
2024-12-16 00:20:39,761 - __main__ - INFO - Looking for index.html at: D:\g\Leagueanalyzer\backend\build\index.html
2024-12-16 00:20:39,762 - __main__ - INFO - Static folder exists: True
2024-12-16 00:20:39,762 - __main__ - INFO - Index.html exists: False
2024-12-16 00:20:39,762 - __main__ - ERROR - Frontend build not found at D:\g\Leagueanalyzer\backend\build\index.html
2024-12-16 00:20:39,762 - werkzeug - INFO - 10.179.205.27 - - [16/Dec/2024 00:20:39] "[33mGET / HTTP/1.1[0m" 404 -
2024-12-16 00:20:39,847 - werkzeug - INFO - 10.179.205.27 - - [16/Dec/2024 00:20:39] "[33mGET /favicon.ico HTTP/1.1[0m" 404 -
2024-12-16 00:22:24,537 - werkzeug - INFO -  * Detected change in 'D:\\g\\Leagueanalyzer\\backend\\main.py', reloading
2024-12-16 00:22:27,429 - __main__ - INFO - Starting application
2024-12-16 00:22:27,430 - __main__ - INFO - Application started successfully
2024-12-16 00:24:29,541 - __main__ - INFO - Serving frontend
2024-12-16 00:24:29,541 - __main__ - INFO - Looking for index.html at: D:\g\Leagueanalyzer\backend\build\index.html
2024-12-16 00:24:29,541 - __main__ - INFO - Static folder exists: True
2024-12-16 00:24:29,542 - __main__ - INFO - Index.html exists: False
2024-12-16 00:24:29,542 - __main__ - ERROR - Frontend build not found at D:\g\Leagueanalyzer\backend\build\index.html
2024-12-16 00:24:29,543 - werkzeug - INFO - 127.0.0.1 - - [16/Dec/2024 00:24:29] "[33mGET / HTTP/1.1[0m" 404 -
2024-12-16 00:24:30,447 - __main__ - INFO - Serving frontend
2024-12-16 00:24:30,448 - __main__ - INFO - Looking for index.html at: D:\g\Leagueanalyzer\backend\build\index.html
2024-12-16 00:24:30,448 - __main__ - INFO - Static folder exists: True
2024-12-16 00:24:30,448 - __main__ - INFO - Index.html exists: False
2024-12-16 00:24:30,448 - __main__ - ERROR - Frontend build not found at D:\g\Leagueanalyzer\backend\build\index.html
2024-12-16 00:24:30,448 - werkzeug - INFO - 127.0.0.1 - - [16/Dec/2024 00:24:30] "[33mGET / HTTP/1.1[0m" 404 -
2024-12-16 00:32:04,800 - __main__ - INFO - Serving frontend
2024-12-16 00:32:04,801 - __main__ - INFO - Looking for index.html at: D:\g\Leagueanalyzer\backend\build\index.html
2024-12-16 00:32:04,801 - __main__ - INFO - Static folder exists: True
2024-12-16 00:32:04,801 - __main__ - INFO - Index.html exists: False
2024-12-16 00:32:04,801 - __main__ - ERROR - Frontend build not found at D:\g\Leagueanalyzer\backend\build\index.html
2024-12-16 00:32:04,802 - werkzeug - INFO - 127.0.0.1 - - [16/Dec/2024 00:32:04] "[33mGET / HTTP/1.1[0m" 404 -
2024-12-16 00:32:05,757 - __main__ - INFO - Serving frontend
2024-12-16 00:32:05,758 - __main__ - INFO - Looking for index.html at: D:\g\Leagueanalyzer\backend\build\index.html
2024-12-16 00:32:05,758 - __main__ - INFO - Static folder exists: True
2024-12-16 00:32:05,758 - __main__ - INFO - Index.html exists: False
2024-12-16 00:32:05,758 - __main__ - ERROR - Frontend build not found at D:\g\Leagueanalyzer\backend\build\index.html
2024-12-16 00:32:05,759 - werkzeug - INFO - 127.0.0.1 - - [16/Dec/2024 00:32:05] "[33mGET / HTTP/1.1[0m" 404 -
2024-12-16 00:37:55,740 - __main__ - INFO - Serving frontend
2024-12-16 00:37:55,740 - __main__ - INFO - Looking for index.html at: D:\g\Leagueanalyzer\backend\build\index.html
2024-12-16 00:37:55,740 - __main__ - INFO - Static folder exists: True
2024-12-16 00:37:55,741 - __main__ - INFO - Index.html exists: False
2024-12-16 00:37:55,741 - __main__ - ERROR - Frontend build not found at D:\g\Leagueanalyzer\backend\build\index.html
2024-12-16 00:37:55,741 - werkzeug - INFO - 127.0.0.1 - - [16/Dec/2024 00:37:55] "[33mGET / HTTP/1.1[0m" 404 -
2024-12-16 00:37:56,476 - __main__ - INFO - Serving frontend
2024-12-16 00:37:56,476 - __main__ - INFO - Looking for index.html at: D:\g\Leagueanalyzer\backend\build\index.html
2024-12-16 00:37:56,476 - __main__ - INFO - Static folder exists: True
2024-12-16 00:37:56,476 - __main__ - INFO - Index.html exists: False
2024-12-16 00:37:56,477 - __main__ - ERROR - Frontend build not found at D:\g\Leagueanalyzer\backend\build\index.html
2024-12-16 00:37:56,477 - werkzeug - INFO - 127.0.0.1 - - [16/Dec/2024 00:37:56] "[33mGET / HTTP/1.1[0m" 404 -
2024-12-16 00:40:59,266 - __main__ - INFO - Serving frontend
2024-12-16 00:40:59,266 - __main__ - INFO - Looking for index.html at: D:\g\Leagueanalyzer\backend\build\index.html
2024-12-16 00:40:59,267 - __main__ - INFO - Static folder exists: True
2024-12-16 00:40:59,267 - __main__ - INFO - Index.html exists: False
2024-12-16 00:40:59,267 - __main__ - ERROR - Frontend build not found at D:\g\Leagueanalyzer\backend\build\index.html
2024-12-16 00:40:59,268 - werkzeug - INFO - 127.0.0.1 - - [16/Dec/2024 00:40:59] "[33mGET / HTTP/1.1[0m" 404 -
2024-12-16 00:42:04,785 - __main__ - INFO - Serving frontend
2024-12-16 00:42:04,785 - __main__ - INFO - Looking for index.html at: D:\g\Leagueanalyzer\backend\build\index.html
2024-12-16 00:42:04,785 - __main__ - INFO - Static folder exists: True
2024-12-16 00:42:04,785 - __main__ - INFO - Index.html exists: False
2024-12-16 00:42:04,785 - __main__ - ERROR - Frontend build not found at D:\g\Leagueanalyzer\backend\build\index.html
2024-12-16 00:42:04,786 - werkzeug - INFO - 127.0.0.1 - - [16/Dec/2024 00:42:04] "[33mGET / HTTP/1.1[0m" 404 -
